mode: set
forum/methods/AddComment.go:7.59,12.2 2 1
forum/methods/AddCommentHandler.go:11.64,12.33 1 1
forum/methods/AddCommentHandler.go:12.33,17.32 2 1
forum/methods/AddCommentHandler.go:17.32,20.4 2 1
forum/methods/AddCommentHandler.go:22.3,23.17 2 0
forum/methods/AddCommentHandler.go:23.17,26.4 2 0
forum/methods/AddCommentHandler.go:27.3,34.70 3 0
forum/methods/AddCommentHandler.go:34.70,37.4 2 0
forum/methods/AddCommentHandler.go:40.3,41.10 2 0
forum/methods/AddCommentHandler.go:41.10,44.4 2 0
forum/methods/AddCommentHandler.go:46.3,47.17 2 0
forum/methods/AddCommentHandler.go:47.17,51.4 3 0
forum/methods/AddCommentHandler.go:53.3,54.9 2 0
forum/methods/AddCommentHandler.go:57.2,57.64 1 0
forum/methods/AddPost.go:11.54,12.33 1 1
forum/methods/AddPost.go:12.33,15.3 2 0
forum/methods/AddPost.go:17.2,23.55 5 1
forum/methods/AddPost.go:23.55,26.3 2 0
forum/methods/AddPost.go:29.2,29.69 1 1
forum/methods/AddPost.go:29.69,32.3 2 1
forum/methods/AddPost.go:35.2,37.22 2 1
forum/methods/AddPost.go:37.22,41.3 2 1
forum/methods/AddPost.go:44.2,46.16 3 0
forum/methods/AddPost.go:46.16,47.27 1 0
forum/methods/AddPost.go:47.27,51.4 3 0
forum/methods/AddPost.go:54.3,55.17 2 0
forum/methods/AddPost.go:55.17,59.4 3 0
forum/methods/AddPost.go:62.3,63.17 2 0
forum/methods/AddPost.go:63.17,67.4 3 0
forum/methods/AddPost.go:71.2,72.16 2 0
forum/methods/AddPost.go:72.16,76.3 3 0
forum/methods/AddPost.go:79.2,79.47 1 0
forum/methods/AddPostToDatabase.go:3.75,8.2 2 1
forum/methods/ClearSession.go:5.42,13.2 2 1
forum/methods/CreateSession.go:9.55,25.2 4 1
forum/methods/CreateTables.go:12.13,15.16 3 1
forum/methods/CreateTables.go:15.16,17.3 1 0
forum/methods/CreateTables.go:19.2,19.16 1 1
forum/methods/CreateTables.go:22.21,30.16 2 1
forum/methods/CreateTables.go:30.16,32.3 1 0
forum/methods/CreateTables.go:35.2,43.16 2 1
forum/methods/CreateTables.go:43.16,45.3 1 0
forum/methods/CreateTables.go:48.2,60.16 2 1
forum/methods/CreateTables.go:60.16,62.3 1 0
forum/methods/CreateTables.go:65.2,74.16 2 1
forum/methods/CreateTables.go:74.16,76.3 1 0
forum/methods/CreateTables.go:79.2,88.16 2 1
forum/methods/CreateTables.go:88.16,90.3 1 0
forum/methods/CreateTables.go:93.2,97.16 2 1
forum/methods/CreateTables.go:97.16,99.3 1 0
forum/methods/CreateTables.go:101.2,101.44 1 1
forum/methods/DislikeComment.go:7.50,15.9 3 0
forum/methods/DislikeComment.go:16.28,22.13 2 0
forum/methods/DislikeComment.go:23.18,24.13 1 0
forum/methods/DislikeComment.go:25.10,26.25 1 0
forum/methods/DislikeComment.go:26.25,33.4 2 0
forum/methods/DislikeComment.go:35.3,40.13 2 0
forum/methods/DislikeCommentHandler.go:9.68,10.33 1 1
forum/methods/DislikeCommentHandler.go:10.33,15.32 2 1
forum/methods/DislikeCommentHandler.go:15.32,18.4 2 1
forum/methods/DislikeCommentHandler.go:20.3,21.17 2 0
forum/methods/DislikeCommentHandler.go:21.17,24.4 2 0
forum/methods/DislikeCommentHandler.go:27.3,28.10 2 0
forum/methods/DislikeCommentHandler.go:28.10,31.4 2 0
forum/methods/DislikeCommentHandler.go:33.3,34.17 2 0
forum/methods/DislikeCommentHandler.go:34.17,38.4 3 0
forum/methods/DislikeCommentHandler.go:40.3,41.9 2 0
forum/methods/DislikeCommentHandler.go:44.2,44.56 1 0
forum/methods/DislikePost.go:5.44,12.9 3 1
forum/methods/DislikePost.go:13.28,19.13 2 0
forum/methods/DislikePost.go:20.18,21.13 1 0
forum/methods/DislikePost.go:22.10,23.25 1 1
forum/methods/DislikePost.go:23.25,30.4 2 1
forum/methods/DislikePost.go:32.3,37.13 2 0
forum/methods/DislikePostHandler.go:8.65,9.33 1 1
forum/methods/DislikePostHandler.go:9.33,14.32 2 1
forum/methods/DislikePostHandler.go:14.32,17.4 2 1
forum/methods/DislikePostHandler.go:19.3,20.17 2 0
forum/methods/DislikePostHandler.go:20.17,23.4 2 0
forum/methods/DislikePostHandler.go:26.3,27.10 2 0
forum/methods/DislikePostHandler.go:27.10,30.4 2 0
forum/methods/DislikePostHandler.go:32.3,33.17 2 0
forum/methods/DislikePostHandler.go:33.17,36.4 2 0
forum/methods/DislikePostHandler.go:38.3,39.9 2 0
forum/methods/DislikePostHandler.go:42.2,42.56 1 1
forum/methods/ErrorHandler.go:9.59,15.16 2 1
forum/methods/ErrorHandler.go:15.16,19.3 2 1
forum/methods/ErrorHandler.go:21.2,24.20 3 0
forum/methods/ErrorHandler.go:25.20,27.35 2 0
forum/methods/ErrorHandler.go:28.20,30.46 2 0
forum/methods/ErrorHandler.go:31.20,33.37 2 0
forum/methods/ErrorHandler.go:34.20,36.43 2 0
forum/methods/ErrorHandler.go:37.10,38.33 1 0
forum/methods/ErrorHandler.go:41.2,53.46 3 0
forum/methods/ErrorHandler.go:53.46,56.3 1 0
forum/methods/FakeUser.go:7.30,10.16 3 1
forum/methods/FakeUser.go:10.16,11.13 1 0
forum/methods/FakeUser.go:13.2,18.3 1 1
forum/methods/FakeUser.go:21.64,24.16 2 1
forum/methods/FakeUser.go:24.16,26.3 1 0
forum/methods/FakeUser.go:27.2,27.36 1 1
forum/methods/FilterPosts.go:11.58,13.27 1 1
forum/methods/FilterPosts.go:13.27,15.3 1 0
forum/methods/FilterPosts.go:18.2,30.9 8 1
forum/methods/FilterPosts.go:30.9,33.3 2 1
forum/methods/FilterPosts.go:36.2,37.16 2 0
forum/methods/FilterPosts.go:37.16,41.3 3 0
forum/methods/FilterPosts.go:43.2,46.9 2 0
forum/methods/FilterPosts.go:47.22,48.44 1 0
forum/methods/FilterPosts.go:49.24,50.40 1 0
forum/methods/FilterPosts.go:51.22,52.44 1 0
forum/methods/FilterPosts.go:53.10,54.38 1 0
forum/methods/FilterPosts.go:57.2,57.16 1 0
forum/methods/FilterPosts.go:57.16,61.3 3 0
forum/methods/FilterPosts.go:63.2,63.23 1 0
forum/methods/FilterPosts.go:63.23,65.17 2 0
forum/methods/FilterPosts.go:65.17,69.4 3 0
forum/methods/FilterPosts.go:70.3,70.31 1 0
forum/methods/FilterPosts.go:73.2,80.16 3 0
forum/methods/FilterPosts.go:80.16,84.3 3 0
forum/methods/FilterPosts.go:86.2,87.16 2 0
forum/methods/FilterPosts.go:87.16,91.3 3 0
forum/methods/GetAuthenticatedUserData.go:11.3,14.9 2 1
forum/methods/GetAuthenticatedUserData.go:14.9,19.3 1 1
forum/methods/GetAuthenticatedUserData.go:21.2,22.16 2 0
forum/methods/GetAuthenticatedUserData.go:22.16,24.3 1 0
forum/methods/GetAuthenticatedUserData.go:26.2,29.24 1 0
forum/methods/GetAuthenticatedUserID.go:7.58,9.16 2 1
forum/methods/GetAuthenticatedUserID.go:9.16,11.3 1 1
forum/methods/GetAuthenticatedUserID.go:13.2,14.19 2 1
forum/methods/GetCommentsForPost.go:3.56,6.16 2 0
forum/methods/GetCommentsForPost.go:6.16,8.3 1 0
forum/methods/GetCommentsForPost.go:9.2,13.18 3 0
forum/methods/GetCommentsForPost.go:13.18,17.17 3 0
forum/methods/GetCommentsForPost.go:17.17,19.4 1 0
forum/methods/GetCommentsForPost.go:26.3,26.39 1 0
forum/methods/GetCommentsForPost.go:29.2,29.35 1 0
forum/methods/GetCommentsForPost.go:29.35,31.3 1 0
forum/methods/GetCommentsForPost.go:33.2,33.35 1 0
forum/methods/GetCommentsForPost.go:33.35,36.17 2 0
forum/methods/GetCommentsForPost.go:36.17,38.4 1 0
forum/methods/GetCommentsForPost.go:41.3,42.17 2 0
forum/methods/GetCommentsForPost.go:42.17,44.4 1 0
forum/methods/GetCommentsForPost.go:46.3,47.42 2 0
forum/methods/GetCommentsForPost.go:50.2,50.22 1 0
forum/methods/GetDislikeCountForComment.go:3.60,6.16 3 0
forum/methods/GetDislikeCountForComment.go:6.16,8.3 1 0
forum/methods/GetDislikeCountForComment.go:9.2,9.26 1 0
forum/methods/GetDislikeCountForPost.go:3.54,6.16 3 0
forum/methods/GetDislikeCountForPost.go:6.16,8.3 1 0
forum/methods/GetDislikeCountForPost.go:9.2,9.26 1 0
forum/methods/GetLikeCountForComment.go:3.57,6.16 3 0
forum/methods/GetLikeCountForComment.go:6.16,8.3 1 0
forum/methods/GetLikeCountForComment.go:9.2,9.23 1 0
forum/methods/GetLikeCountForPost.go:3.51,6.16 3 0
forum/methods/GetLikeCountForPost.go:6.16,8.3 1 0
forum/methods/GetLikeCountForPost.go:9.2,9.23 1 0
forum/methods/GetPostByCategory.go:3.58,11.16 2 0
forum/methods/GetPostByCategory.go:11.16,13.3 1 0
forum/methods/GetPostByCategory.go:14.2,19.18 3 0
forum/methods/GetPostByCategory.go:19.18,22.17 3 0
forum/methods/GetPostByCategory.go:22.17,24.4 1 0
forum/methods/GetPostByCategory.go:25.3,25.30 1 0
forum/methods/GetPostByCategory.go:29.2,29.35 1 0
forum/methods/GetPostByCategory.go:29.35,31.3 1 0
forum/methods/GetPostByCategory.go:33.2,33.19 1 0
forum/methods/GetPostsByLike.go:3.61,16.16 3 0
forum/methods/GetPostsByLike.go:16.16,18.3 1 0
forum/methods/GetPostsByLike.go:19.2,23.18 3 0
forum/methods/GetPostsByLike.go:23.18,26.17 3 0
forum/methods/GetPostsByLike.go:26.17,28.4 1 0
forum/methods/GetPostsByLike.go:29.3,29.30 1 0
forum/methods/GetPostsByLike.go:32.2,32.35 1 0
forum/methods/GetPostsByLike.go:32.35,34.3 1 0
forum/methods/GetPostsByLike.go:36.2,36.19 1 0
forum/methods/GetPostsByMyPost.go:3.51,15.16 3 0
forum/methods/GetPostsByMyPost.go:15.16,17.3 1 0
forum/methods/GetPostsByMyPost.go:18.2,22.18 3 0
forum/methods/GetPostsByMyPost.go:22.18,25.17 3 0
forum/methods/GetPostsByMyPost.go:25.17,27.4 1 0
forum/methods/GetPostsByMyPost.go:28.3,28.30 1 0
forum/methods/GetPostsByMyPost.go:31.2,31.35 1 0
forum/methods/GetPostsByMyPost.go:31.35,33.3 1 0
forum/methods/GetPostsByMyPost.go:35.2,35.19 1 0
forum/methods/GetPostsFromDatabase.go:7.45,14.16 2 0
forum/methods/GetPostsFromDatabase.go:14.16,17.3 2 0
forum/methods/GetPostsFromDatabase.go:18.2,23.18 3 0
forum/methods/GetPostsFromDatabase.go:23.18,26.17 3 0
forum/methods/GetPostsFromDatabase.go:26.17,28.12 2 0
forum/methods/GetPostsFromDatabase.go:32.3,33.17 2 0
forum/methods/GetPostsFromDatabase.go:33.17,35.12 2 0
forum/methods/GetPostsFromDatabase.go:39.3,40.17 2 0
forum/methods/GetPostsFromDatabase.go:40.17,42.12 2 0
forum/methods/GetPostsFromDatabase.go:45.3,48.30 3 0
forum/methods/GetPostsFromDatabase.go:51.2,51.19 1 0
forum/methods/GetUserByID.go:8.44,12.16 3 0
forum/methods/GetUserByID.go:12.16,13.27 1 0
forum/methods/GetUserByID.go:13.27,16.4 2 0
forum/methods/GetUserByID.go:17.3,18.19 2 0
forum/methods/GetUserByID.go:20.2,20.18 1 0
forum/methods/GetUserIDByEmail.go:3.50,7.16 3 0
forum/methods/GetUserIDByEmail.go:7.16,9.3 1 0
forum/methods/GetUserIDByEmail.go:10.2,10.20 1 0
forum/methods/HandleMain.go:9.57,10.27 1 0
forum/methods/HandleMain.go:10.27,12.3 1 0
forum/methods/HandleMain.go:15.2,19.16 3 0
forum/methods/HandleMain.go:19.16,24.3 3 0
forum/methods/HandleMain.go:27.2,27.29 1 0
forum/methods/HandleMain.go:27.29,29.17 2 0
forum/methods/HandleMain.go:29.17,34.4 3 0
forum/methods/HandleMain.go:36.3,36.31 1 0
forum/methods/HandleMain.go:40.2,48.16 3 0
forum/methods/HandleMain.go:48.16,53.3 3 0
forum/methods/HandleMain.go:56.2,57.16 2 0
forum/methods/HandleMain.go:57.16,62.3 3 0
forum/methods/LikeComment.go:7.47,15.9 3 0
forum/methods/LikeComment.go:16.28,22.13 2 0
forum/methods/LikeComment.go:23.18,24.13 1 0
forum/methods/LikeComment.go:25.10,26.24 1 0
forum/methods/LikeComment.go:26.24,33.4 2 0
forum/methods/LikeComment.go:35.3,40.13 2 0
forum/methods/LikeCommentHandler.go:9.65,10.33 1 0
forum/methods/LikeCommentHandler.go:10.33,15.32 2 0
forum/methods/LikeCommentHandler.go:15.32,18.4 2 0
forum/methods/LikeCommentHandler.go:20.3,21.17 2 0
forum/methods/LikeCommentHandler.go:21.17,24.4 2 0
forum/methods/LikeCommentHandler.go:27.3,28.10 2 0
forum/methods/LikeCommentHandler.go:28.10,31.4 2 0
forum/methods/LikeCommentHandler.go:33.3,34.17 2 0
forum/methods/LikeCommentHandler.go:34.17,38.4 3 0
forum/methods/LikeCommentHandler.go:40.3,41.9 2 0
forum/methods/LikeCommentHandler.go:44.2,44.56 1 0
forum/methods/LikeDislikeHandeler.go:9.65,11.33 1 0
forum/methods/LikeDislikeHandeler.go:11.33,15.17 3 0
forum/methods/LikeDislikeHandeler.go:15.17,18.4 2 0
forum/methods/LikeDislikeHandeler.go:21.3,22.10 2 0
forum/methods/LikeDislikeHandeler.go:22.10,25.4 2 0
forum/methods/LikeDislikeHandeler.go:28.3,28.23 1 0
forum/methods/LikeDislikeHandeler.go:28.23,30.18 2 0
forum/methods/LikeDislikeHandeler.go:30.18,34.5 3 0
forum/methods/LikeDislikeHandeler.go:35.9,35.33 1 0
forum/methods/LikeDislikeHandeler.go:35.33,37.18 2 0
forum/methods/LikeDislikeHandeler.go:37.18,41.5 3 0
forum/methods/LikeDislikeHandeler.go:42.9,46.4 2 0
forum/methods/LikeDislikeHandeler.go:49.3,50.39 2 0
forum/methods/LikeDislikeHandeler.go:51.8,54.3 1 0
forum/methods/LikePost.go:7.41,15.9 3 1
forum/methods/LikePost.go:16.28,22.13 2 0
forum/methods/LikePost.go:23.18,24.13 1 0
forum/methods/LikePost.go:25.10,26.24 1 1
forum/methods/LikePost.go:26.24,33.4 2 1
forum/methods/LikePost.go:35.3,40.13 2 0
forum/methods/LikePostHandeler.go:9.62,10.33 1 1
forum/methods/LikePostHandeler.go:10.33,15.32 2 1
forum/methods/LikePostHandeler.go:15.32,18.4 2 1
forum/methods/LikePostHandeler.go:20.3,21.17 2 0
forum/methods/LikePostHandeler.go:21.17,24.4 2 0
forum/methods/LikePostHandeler.go:27.3,28.10 2 0
forum/methods/LikePostHandeler.go:28.10,31.4 2 0
forum/methods/LikePostHandeler.go:33.3,34.17 2 0
forum/methods/LikePostHandeler.go:34.17,38.4 3 0
forum/methods/LikePostHandeler.go:40.3,41.9 2 0
forum/methods/LikePostHandeler.go:44.2,44.56 1 0
forum/methods/LoginHandler.go:21.59,22.33 1 0
forum/methods/LoginHandler.go:22.33,29.17 4 0
forum/methods/LoginHandler.go:29.17,33.4 3 0
forum/methods/LoginHandler.go:34.3,39.17 4 0
forum/methods/LoginHandler.go:39.17,40.28 1 0
forum/methods/LoginHandler.go:40.28,45.5 3 0
forum/methods/LoginHandler.go:45.10,50.5 3 0
forum/methods/LoginHandler.go:54.3,55.17 2 0
forum/methods/LoginHandler.go:55.17,60.4 3 0
forum/methods/LoginHandler.go:63.3,64.17 2 0
forum/methods/LoginHandler.go:64.17,68.4 3 0
forum/methods/LoginHandler.go:69.3,78.56 5 0
forum/methods/LoginHandler.go:78.56,84.4 3 0
forum/methods/LoginHandler.go:87.3,105.9 7 0
forum/methods/LoginHandler.go:109.2,110.16 2 0
forum/methods/LoginHandler.go:110.16,114.3 3 0
forum/methods/LoginHandler.go:116.2,116.22 1 0
forum/methods/LogoutHandeler.go:5.60,7.16 2 0
forum/methods/LogoutHandeler.go:7.16,9.3 1 0
forum/methods/LogoutHandeler.go:11.2,12.47 2 0
forum/methods/NewUser.go:10.66,13.16 2 0
forum/methods/NewUser.go:13.16,15.3 1 0
forum/methods/NewUser.go:18.2,22.16 3 0
forum/methods/NewUser.go:22.16,24.3 1 0
forum/methods/NewUser.go:25.2,25.12 1 0
forum/methods/NotFoundHandler.go:5.67,7.106 2 1
forum/methods/NotFoundHandler.go:7.106,11.3 2 0
forum/methods/NotFoundHandler.go:12.2,12.14 1 1
forum/methods/ProfilePage.go:9.58,10.27 1 0
forum/methods/ProfilePage.go:10.27,12.3 1 0
forum/methods/ProfilePage.go:14.2,15.9 2 0
forum/methods/ProfilePage.go:15.9,18.3 2 0
forum/methods/ProfilePage.go:21.2,22.16 2 0
forum/methods/ProfilePage.go:22.16,26.3 3 0
forum/methods/ProfilePage.go:28.2,29.16 2 0
forum/methods/ProfilePage.go:29.16,33.3 3 0
forum/methods/ProfilePage.go:35.2,36.16 2 0
forum/methods/ProfilePage.go:36.16,40.3 3 0
forum/methods/RegisterPage.go:9.59,10.27 1 1
forum/methods/RegisterPage.go:10.27,12.3 1 0
forum/methods/RegisterPage.go:16.2,18.16 2 1
forum/methods/RegisterPage.go:18.16,23.3 3 0
forum/methods/RegisterPage.go:26.2,26.22 1 1
forum/methods/Registration2.go:9.60,16.63 2 0
forum/methods/Registration2.go:16.63,19.3 2 0
forum/methods/Registration2.go:22.2,35.11 7 0
forum/methods/Registration2.go:35.11,42.3 3 0
forum/methods/Registration2.go:42.8,47.17 3 0
forum/methods/Registration2.go:47.17,51.4 3 0
forum/methods/Registration2.go:54.3,55.9 2 0
forum/methods/Registration2.go:58.2,59.16 2 0
forum/methods/Registration2.go:59.16,64.3 3 0
forum/methods/UserExist.go:8.66,11.16 3 1
forum/methods/UserExist.go:11.16,13.3 1 1
forum/methods/UserExist.go:14.2,14.23 1 1
